\BOOKMARK [0][-]{dummy.1}{\376\377\000A\000b\000s\000t\000r\000a\000c\000t}{}% 1
\BOOKMARK [0][-]{dummy.2}{\376\377\000A\000c\000k\000n\000o\000w\000l\000e\000d\000g\000e\000m\000e\000n\000t\000s}{}% 2
\BOOKMARK [0][-]{dummy.3}{\376\377\000M\000a\000n\000a\000g\000e\000m\000e\000n\000t\000\040\000S\000u\000m\000m\000a\000r\000y}{}% 3
\BOOKMARK [0][-]{dummy.9}{\376\377\000D\000e\000c\000l\000a\000r\000a\000t\000i\000o\000n\000\040\000o\000f\000\040\000A\000u\000t\000h\000o\000r\000s\000h\000i\000p}{}% 4
\BOOKMARK [0][-]{chapter.11}{\376\377\0001\000\040\000I\000n\000t\000r\000o\000d\000u\000c\000t\000i\000o\000n}{}% 5
\BOOKMARK [1][-]{section.12}{\376\377\0001\000.\0001\000\040\000R\000e\000q\000u\000i\000r\000e\000m\000e\000n\000t\000s}{chapter.11}% 6
\BOOKMARK [1][-]{section.13}{\376\377\0001\000.\0002\000\040\000O\000p\000e\000n\000S\000t\000r\000e\000e\000t\000M\000a\000p\000\040\000-\000\040\000O\000S\000M}{chapter.11}% 7
\BOOKMARK [1][-]{section.14}{\376\377\0001\000.\0003\000\040\000J\000a\000v\000a\000\040\000O\000p\000e\000n\000S\000t\000r\000e\000e\000t\000M\000a\000p\000\040\000E\000d\000i\000t\000o\000r\000\040\000-\000\040\000J\000O\000S\000M}{chapter.11}% 8
\BOOKMARK [1][-]{section.15}{\376\377\0001\000.\0004\000\040\000N\000e\000t\000w\000o\000r\000k\000\040\000T\000i\000m\000e\000t\000a\000b\000l\000e\000\040\000E\000x\000c\000h\000a\000n\000g\000e\000\040\000-\000\040\000N\000e\000T\000E\000x}{chapter.11}% 9
\BOOKMARK [0][-]{chapter.16}{\376\377\0002\000\040\000A\000r\000c\000h\000i\000t\000e\000c\000t\000u\000r\000e\000\040\000a\000n\000d\000\040\000D\000e\000s\000i\000g\000n}{}% 10
\BOOKMARK [1][-]{section.17}{\376\377\0002\000.\0001\000\040\000O\000v\000e\000r\000v\000i\000e\000w}{chapter.16}% 11
\BOOKMARK [1][-]{section.18}{\376\377\0002\000.\0002\000\040\000D\000e\000s\000i\000g\000n\000\040\000D\000e\000c\000i\000s\000i\000o\000n\000\040\000-\000\040\000P\000r\000o\000g\000r\000a\000m\000m\000i\000n\000g\000\040\000L\000a\000n\000g\000u\000a\000g\000e}{chapter.16}% 12
\BOOKMARK [1][-]{section.19}{\376\377\0002\000.\0003\000\040\000T\000h\000e\000\040\000P\000l\000u\000g\000i\000n}{chapter.16}% 13
\BOOKMARK [0][-]{chapter.23}{\376\377\0003\000\040\000I\000m\000p\000l\000e\000m\000e\000n\000t\000a\000t\000i\000o\000n}{}% 14
\BOOKMARK [1][-]{section.24}{\376\377\0003\000.\0001\000\040\000O\000v\000e\000r\000v\000i\000e\000w}{chapter.23}% 15
\BOOKMARK [1][-]{section.25}{\376\377\0003\000.\0002\000\040\000O\000p\000e\000n\000S\000t\000r\000e\000e\000t\000M\000a\000p\000\040\000D\000a\000t\000a}{chapter.23}% 16
\BOOKMARK [1][-]{section.31}{\376\377\0003\000.\0003\000\040\000J\000a\000v\000a\000\040\000O\000p\000e\000n\000S\000t\000r\000e\000e\000t\000M\000a\000p\000\040\000E\000d\000i\000t\000o\000r}{chapter.23}% 17
\BOOKMARK [1][-]{section.33}{\376\377\0003\000.\0004\000\040\000X\000M\000L\000\040\000B\000i\000n\000d\000i\000n\000g\000\040\000F\000r\000a\000m\000e\000w\000o\000r\000k}{chapter.23}% 18
\BOOKMARK [1][-]{section.36}{\376\377\0003\000.\0005\000\040\000N\000e\000T\000E\000x\000\040\000C\000o\000n\000v\000e\000r\000s\000i\000o\000n}{chapter.23}% 19
\BOOKMARK [1][-]{section.37}{\376\377\0003\000.\0006\000\040\000T\000e\000s\000t\000i\000n\000g}{chapter.23}% 20
\BOOKMARK [1][-]{section.40}{\376\377\0003\000.\0007\000\040\000C\000o\000d\000e\000\040\000R\000e\000p\000o\000s\000i\000t\000o\000r\000y\000\040\000a\000n\000d\000\040\000S\000o\000f\000t\000w\000a\000r\000e\000\040\000L\000i\000f\000e\000c\000y\000c\000l\000e}{chapter.23}% 21
\BOOKMARK [1][-]{section.42}{\376\377\0003\000.\0008\000\040\000D\000o\000c\000u\000m\000e\000n\000t\000\040\000P\000r\000e\000p\000a\000r\000a\000t\000i\000o\000n\000\040\000S\000y\000s\000t\000e\000m}{chapter.23}% 22
\BOOKMARK [0][-]{chapter.44}{\376\377\0004\000\040\000R\000e\000s\000u\000l\000t\000s}{}% 23
\BOOKMARK [1][-]{section.45}{\376\377\0004\000.\0001\000\040\000A\000c\000h\000i\000e\000v\000e\000m\000e\000n\000t\000s}{chapter.44}% 24
\BOOKMARK [1][-]{section.46}{\376\377\0004\000.\0002\000\040\000P\000r\000o\000d\000u\000c\000t\000\040\000R\000e\000s\000u\000l\000t\000s}{chapter.44}% 25
\BOOKMARK [1][-]{section.53}{\376\377\0004\000.\0003\000\040\000R\000e\000f\000l\000e\000c\000t\000i\000o\000n}{chapter.44}% 26
\BOOKMARK [0][-]{dummy.54}{\376\377\000L\000i\000s\000t\000\040\000o\000f\000\040\000F\000i\000g\000u\000r\000e\000s}{}% 27
\BOOKMARK [0][-]{appendix.56}{\376\377\000A\000\040\000I\000n\000s\000t\000a\000l\000l\000a\000t\000i\000o\000n}{}% 28
\BOOKMARK [0][-]{appendix.65}{\376\377\000B\000\040\000N\000e\000T\000E\000x\000\040\000D\000a\000t\000a}{}% 29
\BOOKMARK [1][-]{section.66}{\376\377\000B\000.\0001\000\040\000E\000x\000a\000m\000p\000l\000e\000s\000\040\000o\000f\000\040\000N\000e\000T\000E\000x\000\040\000D\000a\000t\000a}{appendix.65}% 30
\BOOKMARK [0][-]{appendix.71}{\376\377\000C\000\040\000P\000r\000o\000j\000e\000c\000t\000\040\000M\000a\000n\000a\000g\000e\000m\000e\000n\000t}{}% 31
\BOOKMARK [1][-]{section.72}{\376\377\000C\000.\0001\000\040\000O\000r\000g\000a\000n\000i\000z\000a\000t\000i\000o\000n}{appendix.71}% 32
\BOOKMARK [1][-]{section.73}{\376\377\000C\000.\0002\000\040\000P\000l\000a\000n\000n\000i\000n\000g\000\040\000a\000n\000d\000\040\000C\000o\000o\000r\000d\000i\000n\000a\000t\000i\000o\000n}{appendix.71}% 33
\BOOKMARK [1][-]{section.74}{\376\377\000C\000.\0003\000\040\000W\000o\000r\000k\000f\000l\000o\000w}{appendix.71}% 34
\BOOKMARK [0][-]{dummy.77}{\376\377\000B\000i\000b\000l\000i\000o\000g\000r\000a\000p\000h\000y}{}% 35
